# JRE version: OpenJDK Runtime Environment (11.0.12+7) (build 11.0.12+7-b1504.28-7817840)
# Java VM: OpenJDK 64-Bit Server VM (11.0.12+7-b1504.28-7817840, mixed mode, tiered, compressed oops, g1 gc, windows-amd64)
Heap:
 garbage-first heap   total 250880K, used 112476K [0x0000000080000000, 0x0000000100000000)
  region size 1024K, 23 young (23552K), 3 survivors (3072K)
 Metaspace       used 128018K, capacity 131912K, committed 132524K, reserved 1163264K
  class space    used 15874K, capacity 17353K, committed 17920K, reserved 1048576K
GC Heap History (20 events):
Event: 3134.466 GC heap before
{Heap before GC invocations=74 (full 0):
 garbage-first heap   total 250880K, used 114639K [0x0000000080000000, 0x0000000100000000)
  region size 1024K, 12 young (12288K), 2 survivors (2048K)
 Metaspace       used 124640K, capacity 127897K, committed 130732K, reserved 1163264K
  class space    used 15563K, capacity 16808K, committed 17920K, reserved 1048576K
}
Event: 3134.494 GC heap after
{Heap after GC invocations=75 (full 0):
 garbage-first heap   total 250880K, used 98279K [0x0000000080000000, 0x0000000100000000)
  region size 1024K, 1 young (1024K), 1 survivors (1024K)
 Metaspace       used 124640K, capacity 127897K, committed 130732K, reserved 1163264K
  class space    used 15563K, capacity 16808K, committed 17920K, reserved 1048576K
}
Event: 3135.476 GC heap before
{Heap before GC invocations=75 (full 0):
 garbage-first heap   total 250880K, used 204775K [0x0000000080000000, 0x0000000100000000)
  region size 1024K, 103 young (105472K), 1 survivors (1024K)
 Metaspace       used 125322K, capacity 128580K, committed 131244K, reserved 1163264K
  class space    used 15574K, capacity 16828K, committed 17920K, reserved 1048576K
}
Event: 3135.521 GC heap after
{Heap after GC invocations=76 (full 0):
 garbage-first heap   total 250880K, used 102889K [0x0000000080000000, 0x0000000100000000)
  region size 1024K, 6 young (6144K), 6 survivors (6144K)
 Metaspace       used 125322K, capacity 128580K, committed 131244K, reserved 1163264K
  class space    used 15574K, capacity 16828K, committed 17920K, reserved 1048576K
}
Event: 3135.684 GC heap before
{Heap before GC invocations=76 (full 0):
 garbage-first heap   total 250880K, used 105961K [0x0000000080000000, 0x0000000100000000)
  region size 1024K, 11 young (11264K), 6 survivors (6144K)
 Metaspace       used 125337K, capacity 128581K, committed 131244K, reserved 1163264K
  class space    used 15574K, capacity 16828K, committed 17920K, reserved 1048576K
}
Event: 3135.700 GC heap after
{Heap after GC invocations=77 (full 0):
 garbage-first heap   total 250880K, used 105062K [0x0000000080000000, 0x0000000100000000)
  region size 1024K, 8 young (8192K), 8 survivors (8192K)
 Metaspace       used 125337K, capacity 128581K, committed 131244K, reserved 1163264K
  class space    used 15574K, capacity 16828K, committed 17920K, reserved 1048576K
}
Event: 3175.492 GC heap before
{Heap before GC invocations=78 (full 0):
 garbage-first heap   total 250880K, used 238182K [0x0000000080000000, 0x0000000100000000)
  region size 1024K, 105 young (107520K), 8 survivors (8192K)
 Metaspace       used 126137K, capacity 129591K, committed 131756K, reserved 1163264K
  class space    used 15653K, capacity 16953K, committed 17920K, reserved 1048576K
}
Event: 3175.714 GC heap after
{Heap after GC invocations=79 (full 0):
 garbage-first heap   total 250880K, used 100822K [0x0000000080000000, 0x0000000100000000)
  region size 1024K, 4 young (4096K), 4 survivors (4096K)
 Metaspace       used 126137K, capacity 129591K, committed 131756K, reserved 1163264K
  class space    used 15653K, capacity 16953K, committed 17920K, reserved 1048576K
}
Event: 3176.350 GC heap before
{Heap before GC invocations=79 (full 0):
 garbage-first heap   total 250880K, used 109014K [0x0000000080000000, 0x0000000100000000)
  region size 1024K, 12 young (12288K), 4 survivors (4096K)
 Metaspace       used 126144K, capacity 129591K, committed 131756K, reserved 1163264K
  class space    used 15653K, capacity 16953K, committed 17920K, reserved 1048576K
}
Event: 3176.564 GC heap after
{Heap after GC invocations=80 (full 0):
 garbage-first heap   total 250880K, used 92496K [0x0000000080000000, 0x0000000100000000)
  region size 1024K, 1 young (1024K), 1 survivors (1024K)
 Metaspace       used 126144K, capacity 129591K, committed 131756K, reserved 1163264K
  class space    used 15653K, capacity 16953K, committed 17920K, reserved 1048576K
}
Event: 3211.903 GC heap before
{Heap before GC invocations=80 (full 0):
 garbage-first heap   total 250880K, used 236880K [0x0000000080000000, 0x0000000100000000)
  region size 1024K, 110 young (112640K), 1 survivors (1024K)
 Metaspace       used 126555K, capacity 130100K, committed 132012K, reserved 1163264K
  class space    used 15674K, capacity 16990K, committed 17920K, reserved 1048576K
}
Event: 3212.384 GC heap after
{Heap after GC invocations=81 (full 0):
 garbage-first heap   total 250880K, used 100289K [0x0000000080000000, 0x0000000100000000)
  region size 1024K, 9 young (9216K), 9 survivors (9216K)
 Metaspace       used 126555K, capacity 130100K, committed 132012K, reserved 1163264K
  class space    used 15674K, capacity 16990K, committed 17920K, reserved 1048576K
}
Event: 3412.902 GC heap before
{Heap before GC invocations=81 (full 0):
 garbage-first heap   total 250880K, used 172993K [0x0000000080000000, 0x0000000100000000)
  region size 1024K, 82 young (83968K), 9 survivors (9216K)
 Metaspace       used 126833K, capacity 130334K, committed 132268K, reserved 1163264K
  class space    used 15687K, capacity 17014K, committed 17920K, reserved 1048576K
}
Event: 3413.015 GC heap after
{Heap after GC invocations=82 (full 0):
 garbage-first heap   total 250880K, used 102701K [0x0000000080000000, 0x0000000100000000)
  region size 1024K, 6 young (6144K), 6 survivors (6144K)
 Metaspace       used 126833K, capacity 130334K, committed 132268K, reserved 1163264K
  class space    used 15687K, capacity 17014K, committed 17920K, reserved 1048576K
}
Event: 3417.906 GC heap before
{Heap before GC invocations=83 (full 0):
 garbage-first heap   total 250880K, used 211245K [0x0000000080000000, 0x0000000100000000)
  region size 1024K, 98 young (100352K), 6 survivors (6144K)
 Metaspace       used 126950K, capacity 130473K, committed 132268K, reserved 1163264K
  class space    used 15691K, capacity 17016K, committed 17920K, reserved 1048576K
}
Event: 3417.935 GC heap after
{Heap after GC invocations=84 (full 0):
 garbage-first heap   total 250880K, used 104062K [0x0000000080000000, 0x0000000100000000)
  region size 1024K, 10 young (10240K), 10 survivors (10240K)
 Metaspace       used 126950K, capacity 130473K, committed 132268K, reserved 1163264K
  class space    used 15691K, capacity 17016K, committed 17920K, reserved 1048576K
}
Event: 3418.082 GC heap before
{Heap before GC invocations=84 (full 0):
 garbage-first heap   total 250880K, used 106110K [0x0000000080000000, 0x0000000100000000)
  region size 1024K, 12 young (12288K), 10 survivors (10240K)
 Metaspace       used 126975K, capacity 130479K, committed 132268K, reserved 1163264K
  class space    used 15692K, capacity 17018K, committed 17920K, reserved 1048576K
}
Event: 3418.123 GC heap after
{Heap after GC invocations=85 (full 0):
 garbage-first heap   total 250880K, used 91296K [0x0000000080000000, 0x0000000100000000)
  region size 1024K, 2 young (2048K), 2 survivors (2048K)
 Metaspace       used 126975K, capacity 130479K, committed 132268K, reserved 1163264K
  class space    used 15692K, capacity 17018K, committed 17920K, reserved 1048576K
}
Event: 4199.525 GC heap before
{Heap before GC invocations=85 (full 0):
 garbage-first heap   total 250880K, used 219296K [0x0000000080000000, 0x0000000100000000)
  region size 1024K, 105 young (107520K), 2 survivors (2048K)
 Metaspace       used 127827K, capacity 131672K, committed 132524K, reserved 1163264K
  class space    used 15843K, capacity 17296K, committed 17920K, reserved 1048576K
}
Event: 4199.640 GC heap after
{Heap after GC invocations=86 (full 0):
 garbage-first heap   total 250880K, used 92469K [0x0000000080000000, 0x0000000100000000)
  region size 1024K, 3 young (3072K), 3 survivors (3072K)
 Metaspace       used 127827K, capacity 131672K, committed 132524K, reserved 1163264K
  class space    used 15843K, capacity 17296K, committed 17920K, reserved 1048576K
}

